# JRE version: Java(TM) SE Runtime Environment (24.0.1+9) (build 24.0.1+9-30)
# Java VM: Java HotSpot(TM) 64-Bit Server VM (24.0.1+9-30, mixed mode, sharing, tiered, compressed oops, compressed class ptrs, g1 gc, windows-amd64)
GC Precious Log:
 CardTable entry size: 512
 Card Set container configuration: InlinePtr #cards 4 size 8 Array Of Cards #cards 16 size 48 Howl #buckets 8 coarsen threshold 3686 Howl Bitmap #cards 512 size 80 coarsen threshold 460 Card regions per heap region 1 cards per card region 4096
 CPUs: 12 total, 12 available
 Memory: 12095M
 Large Page Support: Disabled
 NUMA Support: Disabled
 Compressed Oops: Enabled (Zero based)
 Heap Region Size: 2M
 Heap Min Capacity: 8M
 Heap Initial Capacity: 190M
 Heap Max Capacity: 3024M
 Pre-touch: Disabled
 Parallel Workers: 10
 Concurrent Workers: 3
 Concurrent Refinement Workers: 10
 Periodic GC: Disabled
Heap:
 garbage-first heap   total reserved 3096576K, committed 100352K, used 57319K [0x0000000743000000, 0x0000000800000000)
  region size 2048K, 6 young (12288K), 1 survivors (2048K)
 Metaspace       used 94930K, committed 95616K, reserved 1179648K
  class space    used 10335K, committed 10624K, reserved 1048576K
GC Heap History (20 events):
Event: 2306.365 GC heap before
{Heap before GC invocations=72 (full 0):
 garbage-first heap   total reserved 3096576K, committed 100352K, used 90830K [0x0000000743000000, 0x0000000800000000)
  region size 2048K, 20 young (40960K), 1 survivors (2048K)
 Metaspace       used 94783K, committed 95424K, reserved 1179648K
  class space    used 10333K, committed 10624K, reserved 1048576K
}
Event: 2306.373 GC heap after
{Heap after GC invocations=73 (full 0):
 garbage-first heap   total reserved 3096576K, committed 100352K, used 51669K [0x0000000743000000, 0x0000000800000000)
  region size 2048K, 1 young (2048K), 1 survivors (2048K)
 Metaspace       used 94783K, committed 95424K, reserved 1179648K
  class space    used 10333K, committed 10624K, reserved 1048576K
}
Event: 2382.219 GC heap before
{Heap before GC invocations=73 (full 0):
 garbage-first heap   total reserved 3096576K, committed 100352K, used 90581K [0x0000000743000000, 0x0000000800000000)
  region size 2048K, 20 young (40960K), 1 survivors (2048K)
 Metaspace       used 94784K, committed 95424K, reserved 1179648K
  class space    used 10333K, committed 10624K, reserved 1048576K
}
Event: 2382.221 GC heap after
{Heap after GC invocations=74 (full 0):
 garbage-first heap   total reserved 3096576K, committed 100352K, used 51671K [0x0000000743000000, 0x0000000800000000)
  region size 2048K, 1 young (2048K), 1 survivors (2048K)
 Metaspace       used 94784K, committed 95424K, reserved 1179648K
  class space    used 10333K, committed 10624K, reserved 1048576K
}
Event: 2459.127 GC heap before
{Heap before GC invocations=75 (full 0):
 garbage-first heap   total reserved 3096576K, committed 100352K, used 90583K [0x0000000743000000, 0x0000000800000000)
  region size 2048K, 20 young (40960K), 1 survivors (2048K)
 Metaspace       used 94785K, committed 95424K, reserved 1179648K
  class space    used 10333K, committed 10624K, reserved 1048576K
}
Event: 2459.129 GC heap after
{Heap after GC invocations=76 (full 0):
 garbage-first heap   total reserved 3096576K, committed 100352K, used 51549K [0x0000000743000000, 0x0000000800000000)
  region size 2048K, 1 young (2048K), 1 survivors (2048K)
 Metaspace       used 94785K, committed 95424K, reserved 1179648K
  class space    used 10333K, committed 10624K, reserved 1048576K
}
Event: 2535.798 GC heap before
{Heap before GC invocations=76 (full 0):
 garbage-first heap   total reserved 3096576K, committed 100352K, used 90461K [0x0000000743000000, 0x0000000800000000)
  region size 2048K, 20 young (40960K), 1 survivors (2048K)
 Metaspace       used 94796K, committed 95424K, reserved 1179648K
  class space    used 10333K, committed 10624K, reserved 1048576K
}
Event: 2535.804 GC heap after
{Heap after GC invocations=77 (full 0):
 garbage-first heap   total reserved 3096576K, committed 100352K, used 51245K [0x0000000743000000, 0x0000000800000000)
  region size 2048K, 1 young (2048K), 1 survivors (2048K)
 Metaspace       used 94796K, committed 95424K, reserved 1179648K
  class space    used 10333K, committed 10624K, reserved 1048576K
}
Event: 2611.610 GC heap before
{Heap before GC invocations=77 (full 0):
 garbage-first heap   total reserved 3096576K, committed 100352K, used 90157K [0x0000000743000000, 0x0000000800000000)
  region size 2048K, 20 young (40960K), 1 survivors (2048K)
 Metaspace       used 94811K, committed 95488K, reserved 1179648K
  class space    used 10333K, committed 10624K, reserved 1048576K
}
Event: 2611.612 GC heap after
{Heap after GC invocations=78 (full 0):
 garbage-first heap   total reserved 3096576K, committed 100352K, used 51293K [0x0000000743000000, 0x0000000800000000)
  region size 2048K, 1 young (2048K), 1 survivors (2048K)
 Metaspace       used 94811K, committed 95488K, reserved 1179648K
  class space    used 10333K, committed 10624K, reserved 1048576K
}
Event: 2681.313 GC heap before
{Heap before GC invocations=79 (full 0):
 garbage-first heap   total reserved 3096576K, committed 100352K, used 90205K [0x0000000743000000, 0x0000000800000000)
  region size 2048K, 20 young (40960K), 1 survivors (2048K)
 Metaspace       used 94841K, committed 95552K, reserved 1179648K
  class space    used 10334K, committed 10624K, reserved 1048576K
}
Event: 2681.315 GC heap after
{Heap after GC invocations=80 (full 0):
 garbage-first heap   total reserved 3096576K, committed 100352K, used 51275K [0x0000000743000000, 0x0000000800000000)
  region size 2048K, 1 young (2048K), 1 survivors (2048K)
 Metaspace       used 94841K, committed 95552K, reserved 1179648K
  class space    used 10334K, committed 10624K, reserved 1048576K
}
Event: 2756.702 GC heap before
{Heap before GC invocations=80 (full 0):
 garbage-first heap   total reserved 3096576K, committed 100352K, used 90187K [0x0000000743000000, 0x0000000800000000)
  region size 2048K, 20 young (40960K), 1 survivors (2048K)
 Metaspace       used 94850K, committed 95552K, reserved 1179648K
  class space    used 10334K, committed 10624K, reserved 1048576K
}
Event: 2756.705 GC heap after
{Heap after GC invocations=81 (full 0):
 garbage-first heap   total reserved 3096576K, committed 100352K, used 51199K [0x0000000743000000, 0x0000000800000000)
  region size 2048K, 1 young (2048K), 1 survivors (2048K)
 Metaspace       used 94850K, committed 95552K, reserved 1179648K
  class space    used 10334K, committed 10624K, reserved 1048576K
}
Event: 2833.316 GC heap before
{Heap before GC invocations=81 (full 0):
 garbage-first heap   total reserved 3096576K, committed 100352K, used 90111K [0x0000000743000000, 0x0000000800000000)
  region size 2048K, 20 young (40960K), 1 survivors (2048K)
 Metaspace       used 94851K, committed 95552K, reserved 1179648K
  class space    used 10334K, committed 10624K, reserved 1048576K
}
Event: 2833.318 GC heap after
{Heap after GC invocations=82 (full 0):
 garbage-first heap   total reserved 3096576K, committed 100352K, used 51205K [0x0000000743000000, 0x0000000800000000)
  region size 2048K, 1 young (2048K), 1 survivors (2048K)
 Metaspace       used 94851K, committed 95552K, reserved 1179648K
  class space    used 10334K, committed 10624K, reserved 1048576K
}
Event: 2909.288 GC heap before
{Heap before GC invocations=83 (full 0):
 garbage-first heap   total reserved 3096576K, committed 100352K, used 90117K [0x0000000743000000, 0x0000000800000000)
  region size 2048K, 20 young (40960K), 1 survivors (2048K)
 Metaspace       used 94852K, committed 95552K, reserved 1179648K
  class space    used 10334K, committed 10624K, reserved 1048576K
}
Event: 2909.290 GC heap after
{Heap after GC invocations=84 (full 0):
 garbage-first heap   total reserved 3096576K, committed 100352K, used 51362K [0x0000000743000000, 0x0000000800000000)
  region size 2048K, 1 young (2048K), 1 survivors (2048K)
 Metaspace       used 94852K, committed 95552K, reserved 1179648K
  class space    used 10334K, committed 10624K, reserved 1048576K
}
Event: 2985.485 GC heap before
{Heap before GC invocations=84 (full 0):
 garbage-first heap   total reserved 3096576K, committed 100352K, used 90274K [0x0000000743000000, 0x0000000800000000)
  region size 2048K, 20 young (40960K), 1 survivors (2048K)
 Metaspace       used 94857K, committed 95552K, reserved 1179648K
  class space    used 10334K, committed 10624K, reserved 1048576K
}
Event: 2985.488 GC heap after
{Heap after GC invocations=85 (full 0):
 garbage-first heap   total reserved 3096576K, committed 100352K, used 51175K [0x0000000743000000, 0x0000000800000000)
  region size 2048K, 1 young (2048K), 1 survivors (2048K)
 Metaspace       used 94857K, committed 95552K, reserved 1179648K
  class space    used 10334K, committed 10624K, reserved 1048576K
}

